"../../../Engine/Content/Functions/Engine_MaterialFunctions01/Opacity/CameraDepthFade.uasset" 0
"../../../Engine/Content/EngineMaterials/T_Default_Material_Grid_M.uasset" 1
"../../../Engine/Content/EngineMaterials/T_Default_Material_Grid_N.uasset" 2
"../../../Engine/Content/EngineMaterials/DefaultMaterial.uasset" 3
"../../../Engine/Content/BasicShapes/Cone.uasset" 4
"../../../Engine/Content/BasicShapes/Cylinder.uasset" 5
"../../../Engine/Content/EngineMaterials/WorldGridMaterial.uasset" 6
"../../../Engine/Content/BasicShapes/Plane.uasset" 7
"../../../Engine/Content/BasicShapes/Sphere.uasset" 8
"../../../Engine/Content/EditorLandscapeResources/DataLayer.uasset" 9
"../../../Engine/Content/EditorMaterials/GizmoMaterial.uasset" 10
"../../../Engine/Content/EditorMaterials/MAT_Groups_Toggle.uasset" 11
"../../../Engine/Content/EditorMaterials/MAT_Groups_Visibility.uasset" 12
"../../../Engine/Content/EditorMaterials/PreviewShadowIndicator.uasset" 13
"../../../Engine/Content/EditorMaterials/PreviewShadowIndicatorMaterial.uasset" 14
"../../../Engine/Content/EditorMaterials/AssetViewer/EpicQuadPanorama_CC+EV1.uasset" 15
"../../../Engine/Content/EditorMaterials/MatineeGroups/MAT_ColorTrack.uasset" 16
"../../../Engine/Content/EditorMaterials/MatineeGroups/MAT_Groups_Anim.uasset" 17
"../../../Engine/Content/EditorMaterials/MatineeGroups/MAT_Groups_AudioMaster.uasset" 18
"../../../Engine/Content/EditorMaterials/MatineeGroups/MAT_Groups_Director.uasset" 19
"../../../Engine/Content/EditorMaterials/MatineeGroups/MAT_Groups_Event.uasset" 20
"../../../Engine/Content/EditorMaterials/MatineeGroups/MAT_Groups_Fade.uasset" 21
"../../../Engine/Content/EditorMaterials/MatineeGroups/MAT_Groups_Float.uasset" 22
"../../../Engine/Content/EditorMaterials/MatineeGroups/MAT_Groups_Move.uasset" 23
"../../../Engine/Content/EditorMaterials/MatineeGroups/MAT_Groups_Slomo.uasset" 24
"../../../Engine/Content/EditorMaterials/MatineeGroups/MAT_Groups_Sound.uasset" 25
"../../../Engine/Content/EditorMaterials/MatineeGroups/MAT_Groups_Vector.uasset" 26
"../../../Engine/Content/EditorMaterials/ParticleSystems/PSysThumbnail_NoImage.uasset" 27
"../../../Engine/Content/EditorMaterials/ParticleSystems/PSysThumbnail_OOD.uasset" 28
"../../../Engine/Content/EditorMaterials/Camera/CineMat.uasset" 29
"../../../Engine/Content/EditorMaterials/Camera/MI_CineMat_Rig.uasset" 30
"../../../Engine/Content/EditorMeshes/Camera/SM_CraneRig_Arm.uasset" 31
"../../../Engine/Content/EditorMeshes/Camera/SM_CraneRig_Base.uasset" 32
"../../../Engine/Content/EditorMeshes/Camera/SM_CraneRig_Body.uasset" 33
"../../../Engine/Content/EditorMeshes/Camera/SM_CraneRig_Mount.uasset" 34
"../../../Engine/Content/EditorMeshes/Camera/SM_RailRig_Mount.uasset" 35
"../../../Engine/Content/EditorMeshes/Camera/SM_RailRig_Track.uasset" 36
"../../../Engine/Content/EditorMeshes/ColorCalibrator/M_ChromeBall.uasset" 37
"../../../Engine/Content/EditorMeshes/ColorCalibrator/M_ClearCoat.uasset" 38
"../../../Engine/Content/EditorMeshes/ColorCalibrator/M_ClearCoatBlack.uasset" 39
"../../../Engine/Content/EditorMeshes/ColorCalibrator/T_ColorGrid.uasset" 40
"../../../Engine/Content/EditorMeshes/ColorCalibrator/M_ColorGrid.uasset" 41
"../../../Engine/Content/EditorMeshes/ColorCalibrator/M_GreyBall.uasset" 42
"../../../Engine/Content/EditorMeshes/ColorCalibrator/SM_ColorCalibrator.uasset" 43
"../../../Engine/Content/EditorResources/BSPVertex.uasset" 44
"../../../Engine/Content/EditorResources/EmptyActor.uasset" 45
"../../../Engine/Content/EditorResources/RGBTable16x1_AssetViewer.uasset" 46
"../../../Engine/Content/EditorResources/S_Actor.uasset" 47
"../../../Engine/Content/EditorResources/S_Trigger.uasset" 48
"../../../Engine/Content/EditorResources/LightIcons/S_LightError.uasset" 49
"../../../Engine/Content/EditorResources/SequenceRecorder/Countdown.uasset" 50
"../../../Engine/Content/EditorResources/SequenceRecorder/RecordingIndicator.uasset" 51
"../../../Engine/Content/EditorSounds/Notifications/CompileFailed.uasset" 52
"../../../Engine/Content/EditorSounds/Notifications/CompileFailed_Cue.uasset" 53
"../../../Engine/Content/EditorSounds/Notifications/CompileSuccess.uasset" 54
"../../../Engine/Content/EditorSounds/Notifications/CompileStart_Cue.uasset" 55
"../../../Engine/Content/EditorSounds/Notifications/CompileSuccess_Cue.uasset" 56
"../../../Engine/Content/EngineDamageTypes/DmgTypeBP_Environmental.uasset" 57
"../../../Engine/Content/EngineDebugMaterials/HeatmapGradient.uasset" 58
"../../../Engine/Content/EngineDebugMaterials/BoneWeightMaterial.uasset" 59
"../../../Engine/Content/EngineDebugMaterials/DebugMeshMaterial.uasset" 60
"../../../Engine/Content/EngineDebugMaterials/GeomMaterial.uasset" 61
"../../../Engine/Content/EngineFonts/Faces/RobotoBold.uasset" 62
"../../../Engine/Content/EngineFonts/Faces/RobotoBoldItalic.uasset" 63
"../../../Engine/Content/EngineFonts/Faces/RobotoItalic.uasset" 64
"../../../Engine/Content/EngineFonts/Faces/RobotoLight.uasset" 65
"../../../Engine/Content/EngineFonts/Faces/RobotoRegular.uasset" 66
"../../../Engine/Content/EngineFonts/Roboto.uasset" 67
"../../../Engine/Content/EngineFonts/Faces/RobotoTiny.uasset" 68
"../../../Engine/Content/EngineFonts/RobotoTiny.uasset" 69
"../../../Engine/Content/EngineMaterials/DefaultBokeh.uasset" 70
"../../../Engine/Content/EngineMaterials/DefaultDiffuse.uasset" 71
"../../../Engine/Content/EngineMaterials/DefaultDeferredDecalMaterial.uasset" 72
"../../../Engine/Content/EngineMaterials/DefaultLightFunctionMaterial.uasset" 73
"../../../Engine/Content/EngineMaterials/DefaultPhysicalMaterial.uasset" 74
"../../../Engine/Content/Functions/Engine_MaterialFunctions02/Utility/BreakOutFloat2Components.uasset" 75
"../../../Engine/Content/EngineMaterials/DefaultPostProcessMaterial.uasset" 76
"../../../Engine/Content/EngineFonts/RobotoDistanceField.uasset" 77
"../../../Engine/Content/EngineMaterials/DefaultTextMaterialOpaque.uasset" 78
"../../../Engine/Content/EngineMaterials/DefaultWhiteGrid.uasset" 79
"../../../Engine/Content/EngineMaterials/EditorBrushMaterial.uasset" 80
"../../../Engine/Content/EngineMaterials/Good64x64TilingNoiseHighFreq.uasset" 81
"../../../Engine/Content/EngineMaterials/MiniFont.uasset" 82
"../../../Engine/Content/EngineMaterials/InvalidLightmapSettings.uasset" 83
"../../../Engine/Content/EngineMaterials/M_InvalidLightmapSettings.uasset" 84
"../../../Engine/Content/EngineMaterials/PhAT_JointLimitMaterial.uasset" 85
"../../../Engine/Content/EngineMaterials/PreintegratedSkinBRDF.uasset" 86
"../../../Engine/Content/EngineMaterials/RemoveSurfaceMaterial.uasset" 87
"../../../Engine/Content/EngineMaterials/WeightMapPlaceholderTexture.uasset" 88
"../../../Engine/Content/EngineResources/WhiteSquareTexture.uasset" 89
"../../../Engine/Content/EngineMaterials/Widget3DPassThrough.uasset" 90
"../../../Engine/Content/EngineMaterials/Widget3DPassThrough_Masked.uasset" 91
"../../../Engine/Content/EngineMaterials/Widget3DPassThrough_Opaque.uasset" 92
"../../../Engine/Content/EngineMaterials/Widget3DPassThrough_Masked_OneSided.uasset" 93
"../../../Engine/Content/EngineMaterials/Widget3DPassThrough_Opaque_OneSided.uasset" 94
"../../../Engine/Content/EngineMaterials/Widget3DPassThrough_Translucent.uasset" 95
"../../../Engine/Content/EngineMaterials/Widget3DPassThrough_Translucent_OneSided.uasset" 96
"../../../Engine/Content/EngineMeshes/Cube.uasset" 97
"../../../Engine/Content/EngineMeshes/Cylinder.uasset" 98
"../../../Engine/Content/EngineMeshes/Sphere.uasset" 99
"../../../Engine/Content/EngineResources/Black.uasset" 100
"../../../Engine/Content/EngineResources/DefaultTexture.uasset" 101
"../../../Engine/Content/EngineResources/DefaultTextureCube.uasset" 102
"../../../Engine/Content/EngineResources/GradientTexture0.uasset" 103
"../../../Engine/Content/EngineSounds/Master.uasset" 104
"../../../Engine/Content/Functions/Engine_MaterialFunctions01/Shading/ConvertFromDiffSpec.uasset" 105
"../../../Engine/Content/Functions/Engine_MaterialFunctions01/Shading/PowerToRoughness.uasset" 106
"../../../Engine/Content/Maps/Templates/Thumbnails/Default.uasset" 107
"../../../Engine/Content/Maps/Templates/Thumbnails/VR-Basic.uasset" 108
"../../../Engine/Content/MobileResources/T_MobileControls_texture.uasset" 109
"../../../Engine/Content/MobileResources/T_MobileMenu2.uasset" 110
"../../../Engine/Content/MobileResources/HUD/AnalogHat.uasset" 111
"../../../Engine/Content/MobileResources/HUD/VirtualJoystick_Background.uasset" 112
"../../../Engine/Content/MobileResources/HUD/VirtualJoystick_Thumb.uasset" 113
"../../../Engine/Content/MobileResources/HUD/DefaultVirtualJoysticks.uasset" 114
"../../../Engine/Content/MobileResources/HUD/LeftVirtualJoystickOnly.uasset" 115
"../../../Engine/Content/MobileResources/HUD/MobileHUDButton1_off.uasset" 116
"../../../Engine/Content/MobileResources/HUD/MobileHUDButton1_on.uasset" 117
"../../../Engine/Content/MobileResources/HUD/MobileHUDButton2_off.uasset" 118
"../../../Engine/Content/MobileResources/HUD/MobileHUDButton2_on.uasset" 119
"../../../Engine/Content/MobileResources/HUD/MobileHUDButton3.uasset" 120
"../../../Engine/Content/MobileResources/HUD/MobileHUDButtonFire.uasset" 121
"../../../Engine/Content/MobileResources/HUD/MobileHUDDirectionPad.uasset" 122
"../../../Engine/Content/MobileResources/HUD/MobileHUDDirectionPad2.uasset" 123
"../../../Engine/Content/MobileResources/HUD/MobileHUDDirectionPad3.uasset" 124
"../../../Engine/Content/MobileResources/HUD/MobileHUDDirectionStick.uasset" 125
"../../../Engine/Content/MobileResources/HUD/T_Castle_ThumbstickInner.uasset" 126
"../../../Engine/Content/MobileResources/HUD/T_Castle_ThumbstickOutter.uasset" 127
"../../../Engine/Content/Tutorial/ContentIntroCurve.uasset" 128
"../../../Engine/Content/Tutorial/Basics/TutorialAssets/CameraActor_64x.uasset" 129
"../../../Engine/Content/Tutorial/Basics/TutorialAssets/icon_tab_Levels_40x.uasset" 130
"../../../Engine/Content/Tutorial/BlueprintTutorials/TutorialAssets/BlueprintInterface_64x.uasset" 131
"../../../Engine/Content/Tutorial/BlueprintTutorials/TutorialAssets/BlueprintMacroLibrary_64x.uasset" 132
"../../../Engine/Content/Tutorial/BlueprintTutorials/TutorialAssets/Blueprint_64x.uasset" 133
"../../../Engine/Content/Tutorial/BlueprintTutorials/TutorialAssets/Tutorial_BP_Interface.uasset" 134
"../../../Engine/Content/Tutorial/Foliage/TutorialAssets/Foliage.uasset" 135
"../../../Engine/Content/Tutorial/Landscape/TutorialAssets/Landscape.uasset" 136
"../../../Engine/Content/Tutorial/Paper2D/TutorialAssets/Paper2DFlipbook_TutorialIcon.uasset" 137
"../../../Engine/Content/Tutorial/Paper2D/TutorialAssets/Paper2DSprite_TutorialIcon.uasset" 138
"../../../Engine/Content/Tutorial/SubEditors/TutorialAssets/icon_Editor_Preferences_General_40x.uasset" 139
"../../../Engine/Content/Tutorial/SubEditors/TutorialAssets/icon_ShowSkeletalMeshes_40x.uasset" 140
"../../../Engine/Content/Tutorial/SubEditors/TutorialAssets/TutorialMaterial.uasset" 141
"../../../Engine/Content/Tutorial/SubEditors/TutorialAssets/T_SmokeSubUV_8X8.uasset" 142
"../../../Engine/Content/Tutorial/SubEditors/TutorialAssets/T_soft_smoke.uasset" 143
"../../../Engine/Content/Tutorial/SubEditors/TutorialAssets/M_smoke_subUV_blackbody.uasset" 144
"../../../Engine/Content/Tutorial/SubEditors/TutorialAssets/TutorialParticleSystem.uasset" 145
"../../../Engine/Content/EditorMeshes/EditorCube.uasset" 146
"../../../Engine/Content/Tutorial/SubEditors/TutorialAssets/Tutorial_DM.uasset" 147
"../../../Engine/Content/VREditor/Devices/Generic/GenericHMDMaterial.uasset" 148
"../../../Engine/Content/VREditor/Devices/Generic/GenericHMD.uasset" 149
"../../../Engine/Content/VREditor/FloatingText/LineMaterial.uasset" 150
"../../../Engine/Content/VREditor/FloatingText/JointSphere.uasset" 151
"../../../Engine/Content/VREditor/FloatingText/LineSegmentCylinder.uasset" 152
"../../../Engine/Content/VREditor/Fonts/VRText_RobotoLarge.uasset" 153
"../../../Engine/Content/VREditor/Fonts/VRTextMaterial.uasset" 154
"../../../Engine/Content/VREditor/Fonts/TranslucentVRTextMaterial.uasset" 155
"../../../Engine/Content/VREditor/LaserPointer/VR_LaserPower_01.uasset" 156
"../../../Engine/Content/VREditor/LaserPointer/LaserPointerMaterial.uasset" 157
"../../../Engine/Content/VREditor/LaserPointer/LaserPointerMaterialInst.uasset" 158
"../../../Engine/Content/VREditor/LaserPointer/TranslucentLaserPointerMaterialInst.uasset" 159
"../../../Engine/Content/VREditor/LaserPointer/LaserPointerMesh.uasset" 160
"../../../Engine/Content/VREditor/Sounds/VR_grab_Cue.uasset" 161
"../../../Engine/Content/VREditor/Sounds/VR_teleport_Cue.uasset" 162
"../../../Engine/Content/VREditor/TransformGizmo/TransformGizmoMaterial.uasset" 163
"../../../Engine/Content/VREditor/TransformGizmo/TranslucentTransformGizmoMaterial.uasset" 164
"../../../Engine/Content/VREditor/TransformGizmo/BoundingBoxCorner.uasset" 165
"../../../Engine/Content/VREditor/TransformGizmo/BoundingBoxEdge.uasset" 166
"../../../Engine/Content/VREditor/TransformGizmo/PlaneTranslationHandle.uasset" 167
"../../../Engine/Content/VREditor/TransformGizmo/RotationHandle.uasset" 168
"../../../Engine/Content/VREditor/TransformGizmo/RotationHandleFull.uasset" 169
"../../../Engine/Content/VREditor/TransformGizmo/StretchingHandle.uasset" 170
"../../../Engine/Content/VREditor/TransformGizmo/TranslateHandleLong.uasset" 171
"../../../Engine/Content/VREditor/TransformGizmo/TranslationHandle.uasset" 172
"../../../Engine/Content/VREditor/TransformGizmo/UniformScaleHandle.uasset" 173
"../../../Engine/Content/VREditor/UI/CloseButtonMesh.uasset" 174
"../../../Engine/Content/VREditor/UI/SelectionBarMesh.uasset" 175
"../../../Engine/Content/Functions/Engine_MaterialFunctions01/Gradient/RadialGradient.uasset" 176
"../../../Engine/Content/VREditor/WorldMovementGrid/SimpleGrid.uasset" 177
"../../../Engine/Content/VREditor/WorldMovementGrid/GridMaterial.uasset" 178
"../../../Engine/Content/Functions/Engine_MaterialFunctions01/Density/ExponentialDensity.uasset" 179
"../../../Engine/Content/VREditor/WorldMovementGrid/GridPostProcess.uasset" 180
"../../../Engine/Content/EditorLandscapeResources/FlattenHeightMat.uasset" 181
"../../../Engine/Content/VREditor/WorldMovementGrid/PlaneMesh.uasset" 182
"../../../BambooGameMapproto01/Content/Mannequin/Character/Mesh/UE4_Mannequin_Skeleton.uasset" 183
"../../../BambooGameMapproto01/Content/Mannequin/Animations/ThirdPersonJump_End.uasset" 184
"../../../BambooGameMapproto01/Content/Models/caveelements/pt001uvtxt3.uasset" 185
"../../../BambooGameMapproto01/Content/Models/caveelements/08_-_Default.uasset" 186
"../../../BambooGameMapproto01/Content/Models/caveelements/pil001atextured001.uasset" 187
"../../../BambooGameMapproto01/Content/Models/caveelements/pillaruvunwrasp.uasset" 188
"../../../BambooGameMapproto01/Content/Models/caveelements/03_-_Default.uasset" 189
"../../../BambooGameMapproto01/Content/Models/caveelements/pillerrock002.uasset" 190
"../../../BambooGameMapproto01/Content/Models/Centerbridge/caenterandbridgeproto001.uasset" 191
"../../../BambooGameMapproto01/Content/Models/Environment/Bambooplants/Bplant001/diffuse.uasset" 192
"../../../BambooGameMapproto01/Content/Models/Environment/Bambooplants/Bplant001/diffuse22.uasset" 193
"../../../BambooGameMapproto01/Content/Models/Environment/Bambooplants/Bplant001/diffuse333.uasset" 194
"../../../BambooGameMapproto01/Content/Models/Map_basic/Chris_Hair.uasset" 195
"../../../BambooGameMapproto01/Content/Models/Map_basic/Chris_Pants.uasset" 196
"../../../BambooGameMapproto01/Content/Models/Map_basic/Chris_Shirt.uasset" 197
"../../../BambooGameMapproto01/Content/Models/Map_basic/Chris_Shoe.uasset" 198
"../../../BambooGameMapproto01/Content/Models/Map_basic/Chris_Shoe_Sole.uasset" 199
"../../../BambooGameMapproto01/Content/Models/Map_basic/Chris_Skin.uasset" 200
"../../../BambooGameMapproto01/Content/Models/Map_basic/Maplevel001_Mesh1.uasset" 201
"../../../BambooGameMapproto01/Content/Models/Map_basic/base001234.uasset" 202
"../../../BambooGameMapproto01/Content/Models/Map_basic/FrontColor.uasset" 203
"../../../BambooGameMapproto01/Content/Models/Map_basic/Maplevel001_Mesh2.uasset" 204
"../../../BambooGameMapproto01/Content/Models/pond001/M_Simple.uasset" 205
"../../../BambooGameMapproto01/Content/Models/pond001/T_Water_Ripple_Directional_Noise.uasset" 206
"../../../BambooGameMapproto01/Content/Models/SC_compartment/map001f.uasset" 207
"../../../BambooGameMapproto01/Content/Models/SC_compartment/SC001_Line013.uasset" 208
"../../../BambooGameMapproto01/Content/Models/Weapons/BBG/BBGhandle001uvcoloured.uasset" 209
"../../../BambooGameMapproto01/Content/Models/Weapons/BBG/BBGtube001uvedited.uasset" 210
"../../../BambooGameMapproto01/Content/Models/Weapons/Hearlinggun/02_-_Default_ncl1_1.uasset" 211
"../../../BambooGameMapproto01/Content/Models/Weapons/Hearlinggun/HearlingGun001_BBGcore001.uasset" 212
"../../../BambooGameMapproto01/Content/Models/Weapons/Hearlinggun/HearlingGun001_BBGcore002.uasset" 213
"../../../BambooGameMapproto01/Content/Models/Weapons/Hearlinggun/HearlingGun001_BBGcore003.uasset" 214
"../../../BambooGameMapproto01/Content/Models/Weapons/Hearlinggun/HearlingGun001_BBGcore004.uasset" 215
"../../../BambooGameMapproto01/Content/Models/Weapons/Hearlinggun/BBGhandle001uvcoloured.uasset" 216
"../../../BambooGameMapproto01/Content/Models/Weapons/Hearlinggun/07_-_Default.uasset" 217
"../../../BambooGameMapproto01/Content/Models/Weapons/Hearlinggun/HearlingGun001_BBGHandle002.uasset" 218
"../../../BambooGameMapproto01/Content/Models/Weapons/Hearlinggun/HearlingGun001_BBGHandle009.uasset" 219
"../../../BambooGameMapproto01/Content/Models/Weapons/Hearlinggun/HearlingGun001_BBGHandle010.uasset" 220
"../../../BambooGameMapproto01/Content/Models/Weapons/Hearlinggun/HearlingGun001_BBGHandle011.uasset" 221
"../../../BambooGameMapproto01/Content/Models/Weapons/Hearlinggun/HearlingGun001_BBGHandle012.uasset" 222
"../../../BambooGameMapproto01/Content/Models/Weapons/Hearlinggun/HearlingGun001_BBGHandle013.uasset" 223
"../../../BambooGameMapproto01/Content/Models/Weapons/Hearlinggun/HearlingGun001_BBGHandle014.uasset" 224
"../../../BambooGameMapproto01/Content/Models/Weapons/Hearlinggun/HearlingGun001_BBGHandle015.uasset" 225
"../../../BambooGameMapproto01/Content/Models/Weapons/Hearlinggun/BBGtube001uvedited.uasset" 226
"../../../BambooGameMapproto01/Content/Models/Weapons/Hearlinggun/02_-_Default.uasset" 227
"../../../BambooGameMapproto01/Content/Models/Weapons/Hearlinggun/HearlingGun001_BBGTube001.uasset" 228
"../../../BambooGameMapproto01/Content/Models/Weapons/Hearlinggun/HearlingGun001_BBGTube002.uasset" 229
"../../../BambooGameMapproto01/Content/Models/Weapons/Hearlinggun/HearlingGun001_BBGTube009.uasset" 230
"../../../BambooGameMapproto01/Content/Models/Weapons/Hearlinggun/HearlingGun001_BBGTube010.uasset" 231
"../../../BambooGameMapproto01/Content/Models/Weapons/Hearlinggun/HearlingGun001_BBGTube011.uasset" 232
"../../../BambooGameMapproto01/Content/Models/Weapons/Hearlinggun/HearlingGun001_BBGTube012.uasset" 233
"../../../BambooGameMapproto01/Content/Models/Weapons/Hearlinggun/HearlingGun001_BBGTube013.uasset" 234
"../../../BambooGameMapproto01/Content/Models/Weapons/Hearlinggun/HearlingGun001_BBGTube014.uasset" 235
"../../../BambooGameMapproto01/Content/Models/Weapons/Hearlinggun/HearlingGun001_BBGTube015.uasset" 236
"../../../BambooGameMapproto01/Content/Models/Weapons/Hearlinggun/01_-_Default.uasset" 237
"../../../BambooGameMapproto01/Content/Models/Weapons/Hearlinggun/HearlingGun001_Tube001.uasset" 238
"../../../BambooGameMapproto01/Content/Models/Weapons/Hearlinggun/HearlingGun001_Tube002.uasset" 239
"../../../BambooGameMapproto01/Content/Models/Weapons/Hearlinggun/HearlingGun001_Tube004.uasset" 240
"../../../BambooGameMapproto01/Content/Models/Weapons/Hearlinggun/HearlingGun001_Tube005.uasset" 241
"../../../BambooGameMapproto01/Content/Models/Weapons/Hearlinggun/HearlingGun001_Tube006.uasset" 242
"../../../BambooGameMapproto01/Content/Models/Weapons/Hearlinggun/HearlingGun001_Tube007.uasset" 243
"../../../BambooGameMapproto01/Content/Models/Weapons/Hearlinggun/HearlingGun001_Tube008.uasset" 244
"../../../BambooGameMapproto01/Content/Models/Weapons/Hearlinggun/HearlingGun001_Tube009.uasset" 245
"../../../BambooGameMapproto01/Content/Models/Weapons/Hearlinggun/HearlingGun001_Tube010.uasset" 246
"../../../BambooGameMapproto01/Content/Models/Weapons/Hearlinggun/HearlingGun001_Tube011.uasset" 247
"../../../BambooGameMapproto01/Content/Models/Weapons/Hearlinggun/HearlingGun001_Tube012.uasset" 248
"../../../BambooGameMapproto01/Content/Models/Weapons/Hearlinggun/HearlingGun001_Tube013.uasset" 249
"../../../BambooGameMapproto01/Content/Models/Weapons/Hearlinggun/HearlingGun001_Tube014.uasset" 250
"../../../BambooGameMapproto01/Content/UI/logoleftupper/bamboogameicon.uasset" 251
"../../../Engine/Plugins/2D/Paper2D/Content/DefaultSpriteMaterial.uasset" 252
"../../../Engine/Plugins/2D/Paper2D/Content/TranslucentUnlitSpriteMaterial.uasset" 253
"../../../BambooGameMapproto01/Content/UI/Minimap/minimapoutline.uasset" 254
"../../../BambooGameMapproto01/Content/UI/Minimap/minimapoutline_Sprite.uasset" 255
"../../../BambooGameMapproto01/Content/UI/Minimap/npicon.uasset" 256
"../../../BambooGameMapproto01/Content/UI/Minimap/npicon_Sprite.uasset" 257
"../../../BambooGameMapproto01/Content/UI/Minimap/playericon.uasset" 258
"../../../BambooGameMapproto01/Content/UI/Minimap/minimapblueprint/maprendertarget.uasset" 259
"../../../BambooGameMapproto01/Content/UI/Minimap/minimapblueprint/map_minimap.uasset" 260
"../../../Engine/Plugins/2D/Paper2D/Content/DummySprite.uasset" 261
"../../../Engine/Plugins/2D/Paper2D/Content/DefaultPaperTerrainMaterial.uasset" 262
"../../../Engine/Plugins/2D/Paper2D/Content/MaskedUnlitSpriteMaterial.uasset" 263
"../../../Engine/Plugins/2D/Paper2D/Content/OpaqueUnlitSpriteMaterial.uasset" 264
"../../../Engine/Plugins/2D/Paper2D/Content/PlaceholderTextures/DummySpriteTexture.uasset" 265
"../../../BambooGameMapproto01/Content/Mannequin/Animations/ThirdPerson_Jump.uasset" 266
"../../../BambooGameMapproto01/Content/Mannequin/Animations/ThirdPersonJump_Loop.uasset" 267
"../../../BambooGameMapproto01/Content/Mannequin/Animations/ThirdPersonJump_Start.uasset" 268
"../../../BambooGameMapproto01/Content/Mannequin/Animations/ThirdPersonIdle.uasset" 269
"../../../BambooGameMapproto01/Content/Mannequin/Animations/ThirdPersonRun.uasset" 270
"../../../BambooGameMapproto01/Content/Mannequin/Animations/ThirdPersonWalk.uasset" 271
"../../../BambooGameMapproto01/Content/Mannequin/Animations/ThirdPerson_IdleRun_2D.uasset" 272
"../../../Engine/Content/EditorBlueprintResources/StandardMacros.uasset" 273
"../../../BambooGameMapproto01/Content/Mannequin/Animations/ThirdPerson_AnimBP.uasset" 274
"../../../BambooGameMapproto01/Content/UI/Minimap/minimapblueprint/maprend.uasset" 275
"../../../BambooGameMapproto01/Content/UI/Minimap/minimapblueprint/Mapcapture.uasset" 276
"../../../Engine/Content/Functions/Engine_MaterialFunctions02/Utility/BlendAngleCorrectedNormals.uasset" 277
"../../../Engine/Content/Functions/MaterialLayerFunctions/MatLayerBlend_NormalBlend.uasset" 278
"../../../Engine/Content/Functions/MaterialLayerFunctions/MatLayerBlend_Simple.uasset" 279
"../../../BambooGameMapproto01/Content/Mannequin/Character/Materials/MaterialLayers/T_ML_Rubber_Blue_01_D.uasset" 280
"../../../BambooGameMapproto01/Content/Mannequin/Character/Materials/MaterialLayers/T_ML_Rubber_Blue_01_N.uasset" 281
"../../../BambooGameMapproto01/Content/Mannequin/Character/Materials/MaterialLayers/ML_GlossyBlack_Latex_UE4.uasset" 282
"../../../BambooGameMapproto01/Content/Mannequin/Character/Materials/MaterialLayers/ML_Plastic_Shiny_Beige.uasset" 283
"../../../BambooGameMapproto01/Content/Mannequin/Character/Textures/UE4_LOGO_CARD.uasset" 284
"../../../BambooGameMapproto01/Content/Mannequin/Character/Materials/MaterialLayers/ML_Plastic_Shiny_Beige_LOGO.uasset" 285
"../../../BambooGameMapproto01/Content/Mannequin/Character/Materials/MaterialLayers/T_ML_Aluminum01.uasset" 286
"../../../BambooGameMapproto01/Content/Mannequin/Character/Materials/MaterialLayers/T_ML_Aluminum01_N.uasset" 287
"../../../BambooGameMapproto01/Content/Mannequin/Character/Materials/MaterialLayers/ML_SoftMetal_UE4.uasset" 288
"../../../BambooGameMapproto01/Content/Mannequin/Character/Textures/UE4_Mannequin__normals.uasset" 289
"../../../BambooGameMapproto01/Content/Mannequin/Character/Textures/UE4_Mannequin_MAT_MASKA.uasset" 290
"../../../BambooGameMapproto01/Content/Mannequin/Character/Materials/M_UE4Man_Body.uasset" 291
"../../../BambooGameMapproto01/Content/Mannequin/Character/Textures/UE4Man_Logo_N.uasset" 292
"../../../BambooGameMapproto01/Content/Mannequin/Character/Materials/M_UE4Man_ChestLogo.uasset" 293
"../../../BambooGameMapproto01/Content/Mannequin/Character/Mesh/SK_Mannequin_PhysicsAsset.uasset" 294
"../../../BambooGameMapproto01/Content/Mannequin/Character/Mesh/SK_Mannequin.uasset" 295
"../../../BambooGameMapproto01/Content/UI/Minimap/playericon11.uasset" 296
"../../../BambooGameMapproto01/Content/UI/Minimap/playericon11_Sprite.uasset" 297
"../../../BambooGameMapproto01/Content/ThirdPersonBP/Blueprints/ThirdPersonCharacter.uasset" 298
"../../../Engine/Content/EngineSky/C_Sky_Cloud_Color.uasset" 299
"../../../Engine/Content/EngineSky/C_Sky_Horizon_Color.uasset" 300
"../../../Engine/Content/EngineSky/C_Sky_Zenith_Color.uasset" 301
"../../../Engine/Content/EngineSky/T_Sky_Blue.uasset" 302
"../../../Engine/Content/EngineSky/T_Sky_Clouds_M.uasset" 303
"../../../Engine/Content/EngineSky/T_Sky_Stars.uasset" 304
"../../../Engine/Content/EngineSky/M_Sky_Panning_Clouds2.uasset" 305
"../../../Engine/Content/EngineSky/SM_SkySphere.uasset" 306
"../../../Engine/Content/EngineSky/BP_Sky_Sphere.uasset" 307
"../../../BambooGameMapproto01/Content/Models/Weapons/BBG/newhandleuv.uasset" 308
"../../../BambooGameMapproto01/Content/Models/Weapons/BBG/07_-_Default.uasset" 309
"../../../BambooGameMapproto01/Content/Models/Weapons/BBG/BBGTextured000f_BBGHandle001.uasset" 310
"../../../BambooGameMapproto01/Content/Models/Weapons/BBG/newtubeuv.uasset" 311
"../../../BambooGameMapproto01/Content/Models/Weapons/BBG/02_-_Default.uasset" 312
"../../../BambooGameMapproto01/Content/Models/Weapons/BBG/BBGTextured000f_BBGTube001.uasset" 313
"../../../BambooGameMapproto01/Content/Models/Weapons/BP_weapon001.uasset" 314
"../../../BambooGameMapproto01/Content/Models/Weapons/Boomarang/boomrang001UVtexture006.uasset" 315
"../../../BambooGameMapproto01/Content/Models/Weapons/Boomarang/02_-_Default.uasset" 316
"../../../BambooGameMapproto01/Content/Models/Weapons/Boomarang/Boomarangtextured001.uasset" 317
"../../../BambooGameMapproto01/Content/Models/Weapons/BP_Weapon002.uasset" 318
"../../../BambooGameMapproto01/Content/Models/Weapons/Basecolor001.uasset" 319
"../../../BambooGameMapproto01/Content/Models/Weapons/hearlinggun001.uasset" 320
"../../../BambooGameMapproto01/Content/Models/Weapons/BP_weapon003.uasset" 321
"../../../Engine/Content/Functions/Engine_MaterialFunctions01/Gradient/RadialGradientExponential.uasset" 322
"../../../BambooGameMapproto01/Content/UI/Minimap/minimapblueprint/mat-minimap2.uasset" 323
"../../../BambooGameMapproto01/Content/UI/logoleftupper/bamboogameicon2.uasset" 324
"../../../BambooGameMapproto01/Content/UI/Minimap/circle1.uasset" 325
"../../../BambooGameMapproto01/Content/UI/map.uasset" 326
"../../../BambooGameMapproto01/Content/UI/myhud.uasset" 327
"../../../BambooGameMapproto01/Content/ThirdPersonBP/Blueprints/ThirdPersonGameMode.uasset" 328
"../../../BambooGameMapproto01/Content/ThirdPersonBP/Maps/ThirdPersonExampleMap_BuiltData.uasset" 329
"../../../Engine/Content/BasicShapes/BasicShapeMaterial.uasset" 330
"../../../BambooGameMapproto01/Content/Models/pond001/T_Water_01_N.uasset" 331
"../../../BambooGameMapproto01/Content/Models/pond001/M_Water_Master.uasset" 332
"../../../BambooGameMapproto01/Content/Models/pond001/pond001.uasset" 333
"../../../BambooGameMapproto01/Content/Models/SC_compartment/Maparchitecturalplan600ratio.uasset" 334
"../../../BambooGameMapproto01/Content/Models/SC_compartment/map001f_Mat.uasset" 335
"../../../Engine/Content/BasicShapes/Cube.uasset" 336
"../../../Engine/Content/EditorResources/MatineeCam_D.uasset" 337
"../../../Engine/Content/EditorMaterials/MatineeCam_mat.uasset" 338
"../../../Engine/Content/EditorMeshes/MatineeCam_SM.uasset" 339
"../../../BambooGameMapproto01/Content/Geometry/Meshes/CubeMaterial.uasset" 340
"../../../BambooGameMapproto01/Content/Geometry/Meshes/1M_Cube.uasset" 341
"../../../BambooGameMapproto01/Content/Geometry/Meshes/1M_Cube_Chamfer.uasset" 342
"../../../BambooGameMapproto01/Content/Geometry/Meshes/TemplateFloor.uasset" 343
"../../../BambooGameMapproto01/Content/Magic_c/dot_o1.uasset" 344
"../../../BambooGameMapproto01/Content/Magic_c/Nel001.uasset" 345
"../../../BambooGameMapproto01/Content/Magic_c/Magicc_1.uasset" 346
"../../../BambooGameMapproto01/Content/Magic_c/nel002.uasset" 347
"../../../BambooGameMapproto01/Content/Magic_c/ne002_m.uasset" 348
"../../../BambooGameMapproto01/Content/Magic_c/Magic_c_cp.uasset" 349
"../../../BambooGameMapproto01/Content/Magic_c/nel005.uasset" 350
"../../../BambooGameMapproto01/Content/Magic_c/largcc.uasset" 351
"../../../BambooGameMapproto01/Content/Magic_c/Magic_c_cp2.uasset" 352
"../../../BambooGameMapproto01/Content/Models/Centerbridge/Newcenterbridge/centerbridge001.uasset" 353
"../../../BambooGameMapproto01/Content/Models/Centerbridge/Newcenterbridge/caenterandbridgeproto003.uasset" 354
"../../../BambooGameMapproto01/Content/Models/Environment/Bambooplants/Bplant001/alpha.uasset" 355
"../../../BambooGameMapproto01/Content/Models/Environment/Bambooplants/Bplant001/diffuse1.uasset" 356
"../../../BambooGameMapproto01/Content/Models/Environment/Bambooplants/Bplant001/normal.uasset" 357
"../../../BambooGameMapproto01/Content/Models/Environment/Bambooplants/Bplant001/specular.uasset" 358
"../../../BambooGameMapproto01/Content/Models/Environment/Bambooplants/Bplant001/01_-_Default.uasset" 359
"../../../BambooGameMapproto01/Content/Models/Environment/Bambooplants/Bplant001/babmbootree222.uasset" 360
"../../../BambooGameMapproto01/Content/Models/pond001/cf4b7e40b1ffca96af18e7143825f03a.uasset" 361
"../../../BambooGameMapproto01/Content/Models/pond001/exacty_pond_Line002.uasset" 362
"../../../BambooGameMapproto01/Content/Models/pond001/pond001a_Line001.uasset" 363
"../../../BambooGameMapproto01/Content/Models/pond001/pond001a_Mesh2.uasset" 364
"../../../BambooGameMapproto01/Content/Models/SC_compartment/01_-_Default.uasset" 365
"../../../BambooGameMapproto01/Content/Models/SC_compartment/SC001_Plane001.uasset" 366
"../../../BambooGameMapproto01/Content/Models/SC_compartment/man_scale001.uasset" 367
"../../../BambooGameMapproto01/Content/Models/SC_compartment/03_-_Default.uasset" 368
"../../../BambooGameMapproto01/Content/Models/SC_compartment/SC001_Plane007.uasset" 369
"../../../BambooGameMapproto01/Content/Models/SC_compartment/SC001_Plane008.uasset" 370
"../../../BambooGameMapproto01/Content/Models/Weapons/Staff/staff001UVtest003.uasset" 371
"../../../BambooGameMapproto01/Content/Models/Weapons/Staff/Material__28.uasset" 372
"../../../BambooGameMapproto01/Content/Models/Weapons/Staff/Staff001textured.uasset" 373
"../../../BambooGameMapproto01/Content/ThirdPerson/Meshes/RampMaterial.uasset" 374
"../../../BambooGameMapproto01/Content/ThirdPerson/Meshes/Bump_StaticMesh.uasset" 375
"../../../BambooGameMapproto01/Content/ThirdPerson/Meshes/LeftArm_StaticMesh.uasset" 376
"../../../BambooGameMapproto01/Content/ThirdPerson/Meshes/Linear_Stair_StaticMesh.uasset" 377
"../../../BambooGameMapproto01/Content/ThirdPerson/Meshes/Ramp_StaticMesh.uasset" 378
"../../../BambooGameMapproto01/Content/ThirdPerson/Meshes/RightArm_StaticMesh.uasset" 379
"../../../BambooGameMapproto01/Content/ThirdPersonBP/Maps/ThirdPersonExampleMap.umap" 380
"../../../Engine/Content/Maps/Entry.umap" 381
